Using pre-set license
Built from '2021.3/staging' branch; Version is '2021.3.32f1 (3b9dae9532f5) revision 3906990'; Using compiler version '192829333'; Build Type 'Release'
OS: 'Windows 10  (10.0.19045) 64bit Core' Language: 'en' Physical Memory: 16286 MB
BatchMode: 1, IsHumanControllingUs: 0, StartBugReporterOnCrash: 0, Is64bit: 1, IsPro: 1

COMMAND LINE ARGUMENTS:
C:\Program Files\Unity\Hub\Editor\2021.3.32f1\Editor\Unity.exe
-adb2
-batchMode
-noUpm
-name
AssetImportWorker0
-projectPath
E:/Unity/MoveStopMove_Tien
-logFile
Logs/AssetImportWorker0.log
-srvPort
61025
Successfully changed project path to: E:/Unity/MoveStopMove_Tien
E:/Unity/MoveStopMove_Tien
[UnityMemory] Configuration Parameters - Can be set up in boot.config
    "memorysetup-bucket-allocator-granularity=16"
    "memorysetup-bucket-allocator-bucket-count=8"
    "memorysetup-bucket-allocator-block-size=33554432"
    "memorysetup-bucket-allocator-block-count=8"
    "memorysetup-main-allocator-block-size=16777216"
    "memorysetup-thread-allocator-block-size=16777216"
    "memorysetup-gfx-main-allocator-block-size=16777216"
    "memorysetup-gfx-thread-allocator-block-size=16777216"
    "memorysetup-cache-allocator-block-size=4194304"
    "memorysetup-typetree-allocator-block-size=2097152"
    "memorysetup-profiler-bucket-allocator-granularity=16"
    "memorysetup-profiler-bucket-allocator-bucket-count=8"
    "memorysetup-profiler-bucket-allocator-block-size=33554432"
    "memorysetup-profiler-bucket-allocator-block-count=8"
    "memorysetup-profiler-allocator-block-size=16777216"
    "memorysetup-profiler-editor-allocator-block-size=1048576"
    "memorysetup-temp-allocator-size-main=16777216"
    "memorysetup-job-temp-allocator-block-size=2097152"
    "memorysetup-job-temp-allocator-block-size-background=1048576"
    "memorysetup-job-temp-allocator-reduction-small-platforms=262144"
    "memorysetup-temp-allocator-size-background-worker=32768"
    "memorysetup-temp-allocator-size-job-worker=262144"
    "memorysetup-temp-allocator-size-preload-manager=33554432"
    "memorysetup-temp-allocator-size-nav-mesh-worker=65536"
    "memorysetup-temp-allocator-size-audio-worker=65536"
    "memorysetup-temp-allocator-size-cloud-worker=32768"
    "memorysetup-temp-allocator-size-gi-baking-worker=262144"
    "memorysetup-temp-allocator-size-gfx=262144"
Player connection [6832] Host "[IP] 192.168.1.9 [Port] 0 [Flags] 2 [Guid] 2810101969 [EditorId] 2810101969 [Version] 1048832 [Id] WindowsEditor(7,DESKTOP-0L8TE9E) [Debug] 1 [PackageName] WindowsEditor [ProjectName] Editor" joined multi-casting on [225.0.0.222:54997]...

Player connection [6832] Host "[IP] 192.168.1.9 [Port] 0 [Flags] 2 [Guid] 2810101969 [EditorId] 2810101969 [Version] 1048832 [Id] WindowsEditor(7,DESKTOP-0L8TE9E) [Debug] 1 [PackageName] WindowsEditor [ProjectName] Editor" joined alternative multi-casting on [225.0.0.222:34997]...

[Physics::Module] Initialized MultithreadedJobDispatcher with {0} workers.
Refreshing native plugins compatible for Editor in 441.37 ms, found 3 plugins.
Preloading 0 native plugins for Editor in 0.00 ms.
Initialize engine version: 2021.3.32f1 (3b9dae9532f5)
[Subsystems] Discovering subsystems at path C:/Program Files/Unity/Hub/Editor/2021.3.32f1/Editor/Data/Resources/UnitySubsystems
[Subsystems] Discovering subsystems at path E:/Unity/MoveStopMove_Tien/Assets
GfxDevice: creating device client; threaded=0; jobified=0
Direct3D:
    Version:  Direct3D 11.0 [level 11.0]
    Renderer: NVIDIA Quadro K5000M (ID=0x11bc)
    Vendor:   NVIDIA
    VRAM:     4063 MB
    Driver:   22.21.13.8216
Initialize mono
Mono path[0] = 'C:/Program Files/Unity/Hub/Editor/2021.3.32f1/Editor/Data/Managed'
Mono path[1] = 'C:/Program Files/Unity/Hub/Editor/2021.3.32f1/Editor/Data/MonoBleedingEdge/lib/mono/unityjit-win32'
Mono config path = 'C:/Program Files/Unity/Hub/Editor/2021.3.32f1/Editor/Data/MonoBleedingEdge/etc'
Using monoOptions --debugger-agent=transport=dt_socket,embedding=1,server=y,suspend=n,address=127.0.0.1:56388
Begin MonoManager ReloadAssembly
Registering precompiled unity dll's ...
Register platform support module: C:/Program Files/Unity/Hub/Editor/2021.3.32f1/Editor/Data/PlaybackEngines/WindowsStandaloneSupport/UnityEditor.WindowsStandalone.Extensions.dll
Registered in 0.037490 seconds.
Native extension for WindowsStandalone target not found
Refreshing native plugins compatible for Editor in 385.84 ms, found 3 plugins.
Preloading 0 native plugins for Editor in 0.00 ms.
Mono: successfully reloaded assembly
- Completed reload, in  3.392 seconds
Domain Reload Profiling:
	ReloadAssembly (3394ms)
		BeginReloadAssembly (536ms)
			ExecutionOrderSort (0ms)
			DisableScriptedObjects (0ms)
			BackupInstance (0ms)
			ReleaseScriptingObjects (0ms)
			CreateAndSetChildDomain (4ms)
		EndReloadAssembly (2338ms)
			LoadAssemblies (524ms)
			RebuildTransferFunctionScriptingTraits (0ms)
			SetupTypeCache (629ms)
			ReleaseScriptCaches (0ms)
			RebuildScriptCaches (145ms)
			SetupLoadedEditorAssemblies (1325ms)
				LogAssemblyErrors (0ms)
				InitializePlatformSupportModulesInManaged (37ms)
				SetLoadedEditorAssemblies (1ms)
				RefreshPlugins (386ms)
				BeforeProcessingInitializeOnLoad (5ms)
				ProcessInitializeOnLoadAttributes (650ms)
				ProcessInitializeOnLoadMethodAttributes (246ms)
				AfterProcessingInitializeOnLoad (0ms)
				EditorAssembliesLoaded (0ms)
			ExecutionOrderSort2 (0ms)
			AwakeInstancesAfterBackupRestoration (0ms)
Platform modules already initialized, skipping
Registering precompiled user dll's ...
Registered in 0.015319 seconds.
Begin MonoManager ReloadAssembly
Native extension for WindowsStandalone target not found
Refreshing native plugins compatible for Editor in 1.80 ms, found 3 plugins.
Preloading 0 native plugins for Editor in 0.00 ms.
Package Manager log level set to [2]
[Package Manager] Server::EnsureServerProcessIsRunning -- launch failed, reason: Unity was launched with the -noUpm command-line argument
[Package Manager] Cannot connect to Unity Package Manager local server
Mono: successfully reloaded assembly
- Completed reload, in  5.321 seconds
Domain Reload Profiling:
	ReloadAssembly (5324ms)
		BeginReloadAssembly (604ms)
			ExecutionOrderSort (0ms)
			DisableScriptedObjects (29ms)
			BackupInstance (0ms)
			ReleaseScriptingObjects (0ms)
			CreateAndSetChildDomain (59ms)
		EndReloadAssembly (4145ms)
			LoadAssemblies (447ms)
			RebuildTransferFunctionScriptingTraits (0ms)
			SetupTypeCache (1426ms)
			ReleaseScriptCaches (2ms)
			RebuildScriptCaches (233ms)
			SetupLoadedEditorAssemblies (2014ms)
				LogAssemblyErrors (0ms)
				InitializePlatformSupportModulesInManaged (24ms)
				SetLoadedEditorAssemblies (2ms)
				RefreshPlugins (2ms)
				BeforeProcessingInitializeOnLoad (369ms)
				ProcessInitializeOnLoadAttributes (1489ms)
				ProcessInitializeOnLoadMethodAttributes (91ms)
				AfterProcessingInitializeOnLoad (36ms)
				EditorAssembliesLoaded (1ms)
			ExecutionOrderSort2 (0ms)
			AwakeInstancesAfterBackupRestoration (31ms)
Platform modules already initialized, skipping
========================================================================
Worker process is ready to serve import requests
Launched and connected shader compiler UnityShaderCompiler.exe after 0.22 seconds
Refreshing native plugins compatible for Editor in 2.92 ms, found 3 plugins.
Preloading 0 native plugins for Editor in 0.00 ms.
Unloading 3176 Unused Serialized files (Serialized files now loaded: 0)
Unloading 23 unused Assets / (47.1 KB). Loaded Objects now: 3641.
Memory consumption went from 189.5 MB to 189.4 MB.
Total: 15.244100 ms (FindLiveObjects: 1.163100 ms CreateObjectMapping: 0.830200 ms MarkObjects: 12.883400 ms  DeleteObjects: 0.363500 ms)

AssetImportParameters requested are different than current active one (requested -> active):
  custom:video-decoder-ogg-theora: a1e56fd34408186e4bbccfd4996cb3dc -> 
  custom:container-muxer-webm: aa71ff27fc2769a1b78a27578f13a17b -> 
  custom:container-demuxer-webm: 4f35f7cbe854078d1ac9338744f61a02 -> 
  custom:video-encoder-webm-vp8: eb34c28f22e8b96e1ab97ce403110664 -> 
  custom:CustomObjectIndexerAttribute: bc11b3a6c3213fcdd17b65e7da85e133 -> 
  custom:audio-encoder-webm-vorbis: bf7c407c2cedff20999df2af8eb42d56 -> 
  custom:framework-win-MediaFoundation: 216162199b28c13a410421893ffa2e32 -> 
  custom:SearchIndexIgnoredProperties: e643bd26f0fe6173181afceb89e7c659 -> 
  custom:container-demuxer-ogg: 62fdf1f143b41e24485cea50d1cbac27 -> 
  custom:video-decoder-webm-vp8: 9c59270c3fd7afecdb556c50c9e8de78 -> 
  custom:audio-decoder-ogg-vorbis: bf7c407c2cedff20999df2af8eb42d56 -> 
========================================================================
Received Import Request.
  Time since last request: 164993.529821 seconds.
  path: Assets/VirtualJoystickPack/Sprites
  artifactKey: Guid(c9dcc2700dfc12843a6667824c59570e) Importer(815301076,1909f56bfc062723c751e8b465ee728b)
Number of updated assets reloaded before import = 0
Start importing Assets/VirtualJoystickPack/Sprites using Guid(c9dcc2700dfc12843a6667824c59570e) Importer(815301076,1909f56bfc062723c751e8b465ee728b)  -> (artifact id: 'ba04dc6e422cc90715c4a6127f9a48c2') in 0.053586 seconds 
Number of asset objects unloaded after import = 0
========================================================================
Received Import Request.
  Time since last request: 39.970018 seconds.
  path: Assets/_UI/Scripts/UI/UIManager.cs
  artifactKey: Guid(dcba0ab4d3158eb4084119c444681521) Importer(815301076,1909f56bfc062723c751e8b465ee728b)
Number of updated assets reloaded before import = 0
Start importing Assets/_UI/Scripts/UI/UIManager.cs using Guid(dcba0ab4d3158eb4084119c444681521) Importer(815301076,1909f56bfc062723c751e8b465ee728b)  -> (artifact id: '024c49632339472df10f4a820dc60e65') in 0.122469 seconds 
Number of asset objects unloaded after import = 0
========================================================================
Received Import Request.
  Time since last request: 0.008257 seconds.
  path: Assets/_Pool/Guner.cs
  artifactKey: Guid(4ea6a70d47285184796c2276556c4eeb) Importer(815301076,1909f56bfc062723c751e8b465ee728b)
Number of updated assets reloaded before import = 0
Start importing Assets/_Pool/Guner.cs using Guid(4ea6a70d47285184796c2276556c4eeb) Importer(815301076,1909f56bfc062723c751e8b465ee728b)  -> (artifact id: '3724088ed3dcf5b9f9c42a493334d325') in 0.020671 seconds 
Number of asset objects unloaded after import = 0
========================================================================
Received Import Request.
  Time since last request: 0.004518 seconds.
  path: Assets/_Game/Scripts/UI/UIGameplay.cs
  artifactKey: Guid(b982c05c1b628e14ca2f63eb16080302) Importer(815301076,1909f56bfc062723c751e8b465ee728b)
Number of updated assets reloaded before import = 0
Start importing Assets/_Game/Scripts/UI/UIGameplay.cs using Guid(b982c05c1b628e14ca2f63eb16080302) Importer(815301076,1909f56bfc062723c751e8b465ee728b)  -> (artifact id: '37b4bbaea75282dae4096a10d184fe8a') in 0.020279 seconds 
Number of asset objects unloaded after import = 0
========================================================================
Received Import Request.
  Time since last request: 0.004553 seconds.
  path: Assets/Voxel Arsenal/Scripts/VoxelBeamStatic.cs
  artifactKey: Guid(18149cc18a2b7a340ae4cdbe9bc1e3e4) Importer(815301076,1909f56bfc062723c751e8b465ee728b)
Number of updated assets reloaded before import = 0
Start importing Assets/Voxel Arsenal/Scripts/VoxelBeamStatic.cs using Guid(18149cc18a2b7a340ae4cdbe9bc1e3e4) Importer(815301076,1909f56bfc062723c751e8b465ee728b)  -> (artifact id: 'af65b55f6d1c2da22c983a11447f2e25') in 0.020152 seconds 
Number of asset objects unloaded after import = 0
========================================================================
Received Import Request.
  Time since last request: 0.024650 seconds.
  path: Assets/_Game/Scripts/Manager/LevelManager.cs
  artifactKey: Guid(57a9b420d86c0ee4190717937427f626) Importer(815301076,1909f56bfc062723c751e8b465ee728b)
Number of updated assets reloaded before import = 0
Start importing Assets/_Game/Scripts/Manager/LevelManager.cs using Guid(57a9b420d86c0ee4190717937427f626) Importer(815301076,1909f56bfc062723c751e8b465ee728b)  -> (artifact id: '662e20cfe1ca5f695927eff79611ac01') in 0.029386 seconds 
Number of asset objects unloaded after import = 0
========================================================================
Received Import Request.
  Time since last request: 0.004467 seconds.
  path: Assets/off-screen-indicator-master/Off Screen Indicator/Assets/Scripts/Utilities/ExtendedFlycam.cs
  artifactKey: Guid(05d28b3ab3013af48bf4d8a18542812c) Importer(815301076,1909f56bfc062723c751e8b465ee728b)
Number of updated assets reloaded before import = 0
Start importing Assets/off-screen-indicator-master/Off Screen Indicator/Assets/Scripts/Utilities/ExtendedFlycam.cs using Guid(05d28b3ab3013af48bf4d8a18542812c) Importer(815301076,1909f56bfc062723c751e8b465ee728b)  -> (artifact id: '4ef41cddc917a27272f4e40f3cf3f74e') in 0.020357 seconds 
Number of asset objects unloaded after import = 0
========================================================================
Received Import Request.
  Time since last request: 0.004269 seconds.
  path: Assets/Joystick Pack/Scripts/Editor/JoystickEditor.cs
  artifactKey: Guid(d4b2b0d911a01a64ebfca9918e2b90b4) Importer(815301076,1909f56bfc062723c751e8b465ee728b)
Number of updated assets reloaded before import = 0
Start importing Assets/Joystick Pack/Scripts/Editor/JoystickEditor.cs using Guid(d4b2b0d911a01a64ebfca9918e2b90b4) Importer(815301076,1909f56bfc062723c751e8b465ee728b)  -> (artifact id: '5ae19806248200d4799a9f010bc33f5d') in 0.020730 seconds 
Number of asset objects unloaded after import = 0
========================================================================
Received Import Request.
  Time since last request: 0.028198 seconds.
  path: Assets/Joystick Pack/Scripts/Base/Joystick.cs
  artifactKey: Guid(b9fca4100a7477741b3973b4ff2c405f) Importer(815301076,1909f56bfc062723c751e8b465ee728b)
Number of updated assets reloaded before import = 0
Start importing Assets/Joystick Pack/Scripts/Base/Joystick.cs using Guid(b9fca4100a7477741b3973b4ff2c405f) Importer(815301076,1909f56bfc062723c751e8b465ee728b)  -> (artifact id: '0900e26f591ed1a0f3d598ac570e05d4') in 0.024212 seconds 
Number of asset objects unloaded after import = 0
========================================================================
Received Import Request.
  Time since last request: 0.010312 seconds.
  path: Assets/Joystick Pack/Examples/Example Scene.unity
  artifactKey: Guid(414bddd31c5ea4f4c9f5d1452e5bbb41) Importer(815301076,1909f56bfc062723c751e8b465ee728b)
Number of updated assets reloaded before import = 0
Start importing Assets/Joystick Pack/Examples/Example Scene.unity using Guid(414bddd31c5ea4f4c9f5d1452e5bbb41) Importer(815301076,1909f56bfc062723c751e8b465ee728b)  -> (artifact id: 'e6390661db72fa1dd460b235629a8224') in 0.025881 seconds 
Number of asset objects unloaded after import = 0
========================================================================
Received Import Request.
  Time since last request: 0.004308 seconds.
  path: Assets/Voxel Arsenal/Demo/Scripts/VoxelButtonScript.cs
  artifactKey: Guid(2396175681b2a3f41acea2e517c570c9) Importer(815301076,1909f56bfc062723c751e8b465ee728b)
Number of updated assets reloaded before import = 0
Start importing Assets/Voxel Arsenal/Demo/Scripts/VoxelButtonScript.cs using Guid(2396175681b2a3f41acea2e517c570c9) Importer(815301076,1909f56bfc062723c751e8b465ee728b)  -> (artifact id: '5a513adc8e53927de2fe6da89b16fc0e') in 0.022454 seconds 
Number of asset objects unloaded after import = 0
========================================================================
Received Import Request.
  Time since last request: 0.004308 seconds.
  path: Assets/_Game/Scripts/State Machine/PatrolState.cs
  artifactKey: Guid(5582a1dc4461ac040ae3971aa87f8354) Importer(815301076,1909f56bfc062723c751e8b465ee728b)
Number of updated assets reloaded before import = 0
Start importing Assets/_Game/Scripts/State Machine/PatrolState.cs using Guid(5582a1dc4461ac040ae3971aa87f8354) Importer(815301076,1909f56bfc062723c751e8b465ee728b)  -> (artifact id: '80bd2e42a50f29bfb00242a57793a928') in 0.021744 seconds 
Number of asset objects unloaded after import = 0
========================================================================
Received Import Request.
  Time since last request: 0.004215 seconds.
  path: Assets/_UI/Scripts/UI/CanvasBlockRaycast.cs
  artifactKey: Guid(3b3f015ae1c1e7b49b9a54b163c2c134) Importer(815301076,1909f56bfc062723c751e8b465ee728b)
Number of updated assets reloaded before import = 0
Start importing Assets/_UI/Scripts/UI/CanvasBlockRaycast.cs using Guid(3b3f015ae1c1e7b49b9a54b163c2c134) Importer(815301076,1909f56bfc062723c751e8b465ee728b)  -> (artifact id: '51a08856e313123d7098264a94f8007c') in 0.022493 seconds 
Number of asset objects unloaded after import = 0
========================================================================
Received Import Request.
  Time since last request: 0.055755 seconds.
  path: Assets/Voxel Arsenal/Demo/Scripts/VoxelSceneSelect.cs
  artifactKey: Guid(ae9d5610a7a57494ca9a3ae3cbfd7b79) Importer(815301076,1909f56bfc062723c751e8b465ee728b)
Number of updated assets reloaded before import = 0
Start importing Assets/Voxel Arsenal/Demo/Scripts/VoxelSceneSelect.cs using Guid(ae9d5610a7a57494ca9a3ae3cbfd7b79) Importer(815301076,1909f56bfc062723c751e8b465ee728b)  -> (artifact id: '0e6f724c64a7f14a4522d718e33c7997') in 0.025090 seconds 
Number of asset objects unloaded after import = 0
========================================================================
Received Import Request.
  Time since last request: 0.004096 seconds.
  path: Assets/Voxel Arsenal/Scripts/VoxelSoundSpawn.cs
  artifactKey: Guid(8753c8177bc00bb4f8433dc249fa1cb6) Importer(815301076,1909f56bfc062723c751e8b465ee728b)
Number of updated assets reloaded before import = 0
Start importing Assets/Voxel Arsenal/Scripts/VoxelSoundSpawn.cs using Guid(8753c8177bc00bb4f8433dc249fa1cb6) Importer(815301076,1909f56bfc062723c751e8b465ee728b)  -> (artifact id: 'e958e9e9b6570f2eb5f665313f064ca1') in 0.020594 seconds 
Number of asset objects unloaded after import = 0
========================================================================
Received Import Request.
  Time since last request: 0.053688 seconds.
  path: Assets/_Game/Scripts/Manager/ChangeWeapon.cs
  artifactKey: Guid(a6aed91a1bb90b245bb8b5c51737444c) Importer(815301076,1909f56bfc062723c751e8b465ee728b)
Number of updated assets reloaded before import = 0
Start importing Assets/_Game/Scripts/Manager/ChangeWeapon.cs using Guid(a6aed91a1bb90b245bb8b5c51737444c) Importer(815301076,1909f56bfc062723c751e8b465ee728b)  -> (artifact id: '0be8f7d2c0cd4a76053bffe0407744b7') in 0.019969 seconds 
Number of asset objects unloaded after import = 0
========================================================================
Received Import Request.
  Time since last request: 0.017221 seconds.
  path: Assets/Joystick Pack/Prefabs/Variable Joystick.prefab
  artifactKey: Guid(ec536a7718376554185e4a856d5ae230) Importer(815301076,1909f56bfc062723c751e8b465ee728b)
Number of updated assets reloaded before import = 0
Start importing Assets/Joystick Pack/Prefabs/Variable Joystick.prefab using Guid(ec536a7718376554185e4a856d5ae230) Importer(815301076,1909f56bfc062723c751e8b465ee728b)  -> (artifact id: '1857864dbe4bd76b2659f34c066ff17b') in 0.130135 seconds 
Number of asset objects unloaded after import = 17
========================================================================
Received Import Request.
  Time since last request: 0.002183 seconds.
  path: Assets/Joystick Pack/Scripts/Base
  artifactKey: Guid(04bf1fec540b6ee4987dc6524756477c) Importer(815301076,1909f56bfc062723c751e8b465ee728b)
Number of updated assets reloaded before import = 0
Start importing Assets/Joystick Pack/Scripts/Base using Guid(04bf1fec540b6ee4987dc6524756477c) Importer(815301076,1909f56bfc062723c751e8b465ee728b)  -> (artifact id: '35fb1f4ca2908874a82693c995d401f0') in 0.019573 seconds 
Number of asset objects unloaded after import = 0
========================================================================
Received Import Request.
  Time since last request: 0.028198 seconds.
  path: Assets/Joystick Pack/Prefabs/Dynamic Joystick.prefab
  artifactKey: Guid(56fae09712773584fb63896d473a98ee) Importer(815301076,1909f56bfc062723c751e8b465ee728b)
Number of updated assets reloaded before import = 0
Start importing Assets/Joystick Pack/Prefabs/Dynamic Joystick.prefab using Guid(56fae09712773584fb63896d473a98ee) Importer(815301076,1909f56bfc062723c751e8b465ee728b)  -> (artifact id: 'ef9a6797f3a780995095873ad9fd6980') in 0.027082 seconds 
Number of asset objects unloaded after import = 17
========================================================================
Received Import Request.
  Time since last request: 0.010974 seconds.
  path: Assets/_Game/Scripts/Player.cs
  artifactKey: Guid(634c6a8a6aab5c846ae13dcaca172a25) Importer(815301076,1909f56bfc062723c751e8b465ee728b)
Number of updated assets reloaded before import = 0
Start importing Assets/_Game/Scripts/Player.cs using Guid(634c6a8a6aab5c846ae13dcaca172a25) Importer(815301076,1909f56bfc062723c751e8b465ee728b)  -> (artifact id: '2ea495fc6eeb9d56ca2e1fecd3c4865f') in 0.020043 seconds 
Number of asset objects unloaded after import = 0
========================================================================
Received Import Request.
  Time since last request: 0.025664 seconds.
  path: Assets/Joystick Pack/Sprites/All Axis Backgrounds
  artifactKey: Guid(8ca78f589dc53fd419c85dd20ea22ade) Importer(815301076,1909f56bfc062723c751e8b465ee728b)
Number of updated assets reloaded before import = 0
Start importing Assets/Joystick Pack/Sprites/All Axis Backgrounds using Guid(8ca78f589dc53fd419c85dd20ea22ade) Importer(815301076,1909f56bfc062723c751e8b465ee728b)  -> (artifact id: '256515bf63e9c8a6335dd3c079e167da') in 0.026268 seconds 
Number of asset objects unloaded after import = 0
========================================================================
Received Import Request.
  Time since last request: 0.004763 seconds.
  path: Assets/_Pool/Pool/GameUnit.cs
  artifactKey: Guid(1a6c59589e70d5c4a8ad28859d380a53) Importer(815301076,1909f56bfc062723c751e8b465ee728b)
Number of updated assets reloaded before import = 0
Start importing Assets/_Pool/Pool/GameUnit.cs using Guid(1a6c59589e70d5c4a8ad28859d380a53) Importer(815301076,1909f56bfc062723c751e8b465ee728b)  -> (artifact id: '500f313bcc1e98d6dadceea8a8b2f97d') in 0.023456 seconds 
Number of asset objects unloaded after import = 0
========================================================================
Received Import Request.
  Time since last request: 0.095321 seconds.
  path: Assets/Voxel Arsenal/Scripts/VoxelRotation.cs
  artifactKey: Guid(7287febcfc2bc9849af4047e59371df8) Importer(815301076,1909f56bfc062723c751e8b465ee728b)
Number of updated assets reloaded before import = 0
Start importing Assets/Voxel Arsenal/Scripts/VoxelRotation.cs using Guid(7287febcfc2bc9849af4047e59371df8) Importer(815301076,1909f56bfc062723c751e8b465ee728b)  -> (artifact id: 'cafc107cefe96e046ce0833a48764115') in 0.029108 seconds 
Number of asset objects unloaded after import = 0
========================================================================
Received Import Request.
  Time since last request: 0.004595 seconds.
  path: Assets/Joystick Pack/Examples/JoystickSetterExample.cs
  artifactKey: Guid(3d73bf03f88f371469fd7b43fc97d77e) Importer(815301076,1909f56bfc062723c751e8b465ee728b)
Number of updated assets reloaded before import = 0
Start importing Assets/Joystick Pack/Examples/JoystickSetterExample.cs using Guid(3d73bf03f88f371469fd7b43fc97d77e) Importer(815301076,1909f56bfc062723c751e8b465ee728b)  -> (artifact id: 'be1313ee4f5547abe6dce4baf767e507') in 0.029397 seconds 
Number of asset objects unloaded after import = 0
========================================================================
Received Import Request.
  Time since last request: 0.017967 seconds.
  path: Assets/_Game/TestAxe.cs
  artifactKey: Guid(ba1a6b84de0a5ff48902bd2816ff9299) Importer(815301076,1909f56bfc062723c751e8b465ee728b)
Number of updated assets reloaded before import = 0
Start importing Assets/_Game/TestAxe.cs using Guid(ba1a6b84de0a5ff48902bd2816ff9299) Importer(815301076,1909f56bfc062723c751e8b465ee728b)  -> (artifact id: '56fee732f2b69f9c27adebada0869731') in 0.024568 seconds 
Number of asset objects unloaded after import = 0
========================================================================
Received Import Request.
  Time since last request: 0.032435 seconds.
  path: Assets/off-screen-indicator-master/Off Screen Indicator/Assets/Scripts/BoxObjectPool.cs
  artifactKey: Guid(d284f5b4b17657040aa75be0ffd9c9bc) Importer(815301076,1909f56bfc062723c751e8b465ee728b)
Number of updated assets reloaded before import = 0
Start importing Assets/off-screen-indicator-master/Off Screen Indicator/Assets/Scripts/BoxObjectPool.cs using Guid(d284f5b4b17657040aa75be0ffd9c9bc) Importer(815301076,1909f56bfc062723c751e8b465ee728b)  -> (artifact id: '8b2aeec52dd17f173c709a39bd1800f9') in 0.019926 seconds 
Number of asset objects unloaded after import = 0
========================================================================
Received Import Request.
  Time since last request: 0.031000 seconds.
  path: Assets/Joystick Pack/Examples
  artifactKey: Guid(5a71259a40885244a8fda03175513ba5) Importer(815301076,1909f56bfc062723c751e8b465ee728b)
Number of updated assets reloaded before import = 0
Start importing Assets/Joystick Pack/Examples using Guid(5a71259a40885244a8fda03175513ba5) Importer(815301076,1909f56bfc062723c751e8b465ee728b)  -> (artifact id: 'a802018d1f65edbfece9325f9dc08655') in 0.026701 seconds 
Number of asset objects unloaded after import = 0
========================================================================
Received Import Request.
  Time since last request: 0.004138 seconds.
  path: Assets/Joystick Pack/Scripts/Joysticks/FixedJoystick.cs
  artifactKey: Guid(45977bbae16431c46a013576a1aea384) Importer(815301076,1909f56bfc062723c751e8b465ee728b)
Number of updated assets reloaded before import = 0
Start importing Assets/Joystick Pack/Scripts/Joysticks/FixedJoystick.cs using Guid(45977bbae16431c46a013576a1aea384) Importer(815301076,1909f56bfc062723c751e8b465ee728b)  -> (artifact id: '90952c9c865eeb26b04878c47ed7ee25') in 0.021995 seconds 
Number of asset objects unloaded after import = 0
========================================================================
Received Import Request.
  Time since last request: 0.079473 seconds.
  path: Assets/Joystick Pack/Prefabs/Floating Joystick.prefab
  artifactKey: Guid(0d230cc8be529a542a08cb878ab14b18) Importer(815301076,1909f56bfc062723c751e8b465ee728b)
Number of updated assets reloaded before import = 0
Start importing Assets/Joystick Pack/Prefabs/Floating Joystick.prefab using Guid(0d230cc8be529a542a08cb878ab14b18) Importer(815301076,1909f56bfc062723c751e8b465ee728b)  -> (artifact id: '7d3841755bf940f21f70c99110350880') in 0.028320 seconds 
Number of asset objects unloaded after import = 17
========================================================================
Received Import Request.
  Time since last request: 0.003596 seconds.
  path: Assets/Joystick Pack/Scripts/Editor/VariableJoystickEditor.cs
  artifactKey: Guid(58b5a2db95af76c4c9d4116a09ec3697) Importer(815301076,1909f56bfc062723c751e8b465ee728b)
Number of updated assets reloaded before import = 0
Start importing Assets/Joystick Pack/Scripts/Editor/VariableJoystickEditor.cs using Guid(58b5a2db95af76c4c9d4116a09ec3697) Importer(815301076,1909f56bfc062723c751e8b465ee728b)  -> (artifact id: 'd291da3a73a7e3c8ddff72bd36ea1f3f') in 0.019898 seconds 
Number of asset objects unloaded after import = 0
========================================================================
Received Import Request.
  Time since last request: 0.035918 seconds.
  path: Assets/_Game/Scripts/Constant.cs
  artifactKey: Guid(d458ba3b14c599b4c8a373aca73f2fe7) Importer(815301076,1909f56bfc062723c751e8b465ee728b)
Number of updated assets reloaded before import = 0
Start importing Assets/_Game/Scripts/Constant.cs using Guid(d458ba3b14c599b4c8a373aca73f2fe7) Importer(815301076,1909f56bfc062723c751e8b465ee728b)  -> (artifact id: 'e98fee8d3566ffdfc15df305bcd891f6') in 0.025648 seconds 
Number of asset objects unloaded after import = 0
========================================================================
Received Import Request.
  Time since last request: 0.009762 seconds.
  path: Assets/_Pool/Pool/ParticlePool.cs
  artifactKey: Guid(63a01bc7687f55c41b8991ac22dccab2) Importer(815301076,1909f56bfc062723c751e8b465ee728b)
Number of updated assets reloaded before import = 0
Start importing Assets/_Pool/Pool/ParticlePool.cs using Guid(63a01bc7687f55c41b8991ac22dccab2) Importer(815301076,1909f56bfc062723c751e8b465ee728b)  -> (artifact id: 'e60e4e6a4f2aa547c2ca567db8d477fe') in 0.020003 seconds 
Number of asset objects unloaded after import = 0
========================================================================
Received Import Request.
  Time since last request: 0.014156 seconds.
  path: Assets/Joystick Pack/Scripts/Editor
  artifactKey: Guid(8bf1b896f4e24d441975cb6f11f92e74) Importer(815301076,1909f56bfc062723c751e8b465ee728b)
Number of updated assets reloaded before import = 0
Start importing Assets/Joystick Pack/Scripts/Editor using Guid(8bf1b896f4e24d441975cb6f11f92e74) Importer(815301076,1909f56bfc062723c751e8b465ee728b)  -> (artifact id: 'b7e12821381305f4b5362363c1d3d410') in 0.020537 seconds 
Number of asset objects unloaded after import = 0
========================================================================
Received Import Request.
  Time since last request: 0.004451 seconds.
  path: Assets/_UI/Scripts/Win.cs
  artifactKey: Guid(5a55cad158e28ce439befc8b30030b14) Importer(815301076,1909f56bfc062723c751e8b465ee728b)
Number of updated assets reloaded before import = 0
Start importing Assets/_UI/Scripts/Win.cs using Guid(5a55cad158e28ce439befc8b30030b14) Importer(815301076,1909f56bfc062723c751e8b465ee728b)  -> (artifact id: 'bf6bb0d1344fd63669c731b635d5c17d') in 0.019425 seconds 
Number of asset objects unloaded after import = 0
========================================================================
Received Import Request.
  Time since last request: 0.009701 seconds.
  path: Assets/_Pool/Pool/PoolControler.cs
  artifactKey: Guid(3e15cc54a36e25b41a5c36acf077ad0b) Importer(815301076,1909f56bfc062723c751e8b465ee728b)
Number of updated assets reloaded before import = 0
Start importing Assets/_Pool/Pool/PoolControler.cs using Guid(3e15cc54a36e25b41a5c36acf077ad0b) Importer(815301076,1909f56bfc062723c751e8b465ee728b)  -> (artifact id: '59f93808d16dc14c7199460ec74dfcc8') in 0.020842 seconds 
Number of asset objects unloaded after import = 0
========================================================================
Received Import Request.
  Time since last request: 0.028387 seconds.
  path: Assets/Voxel Arsenal/Demo/Scripts/VoxelOrbit.cs
  artifactKey: Guid(9c19d5617f75cd84ba44a7da003823dd) Importer(815301076,1909f56bfc062723c751e8b465ee728b)
Number of updated assets reloaded before import = 0
Start importing Assets/Voxel Arsenal/Demo/Scripts/VoxelOrbit.cs using Guid(9c19d5617f75cd84ba44a7da003823dd) Importer(815301076,1909f56bfc062723c751e8b465ee728b)  -> (artifact id: '2e12ade16c615414230d3fa6f74cf615') in 0.020497 seconds 
Number of asset objects unloaded after import = 0
========================================================================
Received Import Request.
  Time since last request: 0.014351 seconds.
  path: Assets/Joystick Pack/Sprites/Handles
  artifactKey: Guid(6f3c65e147711ac449f6bbd5e7da81df) Importer(815301076,1909f56bfc062723c751e8b465ee728b)
Number of updated assets reloaded before import = 0
Start importing Assets/Joystick Pack/Sprites/Handles using Guid(6f3c65e147711ac449f6bbd5e7da81df) Importer(815301076,1909f56bfc062723c751e8b465ee728b)  -> (artifact id: '037797c4c95675d990677215c6e91188') in 0.020355 seconds 
Number of asset objects unloaded after import = 0
========================================================================
Received Import Request.
  Time since last request: 0.004123 seconds.
  path: Assets/_Game/Scripts/AttackRange.cs
  artifactKey: Guid(b15d5d5731b056741ab749068fe6b93c) Importer(815301076,1909f56bfc062723c751e8b465ee728b)
Number of updated assets reloaded before import = 0
Start importing Assets/_Game/Scripts/AttackRange.cs using Guid(b15d5d5731b056741ab749068fe6b93c) Importer(815301076,1909f56bfc062723c751e8b465ee728b)  -> (artifact id: 'd6ac9fa394c7d7d7b606d8f2305549ab') in 0.020060 seconds 
Number of asset objects unloaded after import = 0
========================================================================
Received Import Request.
  Time since last request: 0.010575 seconds.
  path: Assets/_UI/Scripts/UI/UICanvas.cs
  artifactKey: Guid(5585b13e05cd5914782c098e66f5fd49) Importer(815301076,1909f56bfc062723c751e8b465ee728b)
Number of updated assets reloaded before import = 0
Start importing Assets/_UI/Scripts/UI/UICanvas.cs using Guid(5585b13e05cd5914782c098e66f5fd49) Importer(815301076,1909f56bfc062723c751e8b465ee728b)  -> (artifact id: 'caa59f205affe4596946460ab4d54122') in 0.019941 seconds 
Number of asset objects unloaded after import = 0
========================================================================
Received Import Request.
  Time since last request: 0.032063 seconds.
  path: Assets/Voxel Arsenal/Demo/Scripts/VoxelBeamScript.cs
  artifactKey: Guid(0d8b3906f4aa6924d82b42da931bd31e) Importer(815301076,1909f56bfc062723c751e8b465ee728b)
Number of updated assets reloaded before import = 0
Start importing Assets/Voxel Arsenal/Demo/Scripts/VoxelBeamScript.cs using Guid(0d8b3906f4aa6924d82b42da931bd31e) Importer(815301076,1909f56bfc062723c751e8b465ee728b)  -> (artifact id: 'f144f00f973245ab400a265bd9d3ffd0') in 0.020124 seconds 
Number of asset objects unloaded after import = 0
========================================================================
Received Import Request.
  Time since last request: 0.026046 seconds.
  path: Assets/_Game/Scripts/UI/UIMainMenu.cs
  artifactKey: Guid(0b1b0007f42b2354a82bcbc1ead35f10) Importer(815301076,1909f56bfc062723c751e8b465ee728b)
Number of updated assets reloaded before import = 0
Start importing Assets/_Game/Scripts/UI/UIMainMenu.cs using Guid(0b1b0007f42b2354a82bcbc1ead35f10) Importer(815301076,1909f56bfc062723c751e8b465ee728b)  -> (artifact id: 'e865bd111e9115d5a87484a0c1a7a8a5') in 0.019953 seconds 
Number of asset objects unloaded after import = 0
========================================================================
Received Import Request.
  Time since last request: 0.002708 seconds.
  path: Assets/Joystick Pack/Sprites/Vertical Backgrounds
  artifactKey: Guid(90487ea2fbd75ca4aafda6529e728976) Importer(815301076,1909f56bfc062723c751e8b465ee728b)
Number of updated assets reloaded before import = 0
Start importing Assets/Joystick Pack/Sprites/Vertical Backgrounds using Guid(90487ea2fbd75ca4aafda6529e728976) Importer(815301076,1909f56bfc062723c751e8b465ee728b)  -> (artifact id: '6bff343d1512e8d516636b1e8ea88b2d') in 0.019614 seconds 
Number of asset objects unloaded after import = 0
========================================================================
Received Import Request.
  Time since last request: 0.004337 seconds.
  path: Assets/_UI/Scripts/Setting.cs
  artifactKey: Guid(6675cae3e63175141bb7e791bf56ac34) Importer(815301076,1909f56bfc062723c751e8b465ee728b)
Number of updated assets reloaded before import = 0
Start importing Assets/_UI/Scripts/Setting.cs using Guid(6675cae3e63175141bb7e791bf56ac34) Importer(815301076,1909f56bfc062723c751e8b465ee728b)  -> (artifact id: '1b01894e0986171844905781258cf099') in 0.021436 seconds 
Number of asset objects unloaded after import = 0
========================================================================
Received Import Request.
  Time since last request: 0.004202 seconds.
  path: Assets/off-screen-indicator-master/Off Screen Indicator/Assets/Scripts/OffScreenIndicator.cs
  artifactKey: Guid(ff511462938e26c499636c590ec5ec2a) Importer(815301076,1909f56bfc062723c751e8b465ee728b)
Number of updated assets reloaded before import = 0
Start importing Assets/off-screen-indicator-master/Off Screen Indicator/Assets/Scripts/OffScreenIndicator.cs using Guid(ff511462938e26c499636c590ec5ec2a) Importer(815301076,1909f56bfc062723c751e8b465ee728b)  -> (artifact id: '7499dd762132b3fe180122bc29b89d66') in 0.019395 seconds 
Number of asset objects unloaded after import = 0
========================================================================
Received Import Request.
  Time since last request: 0.016431 seconds.
  path: Assets/_Game/Scripts/Character.cs
  artifactKey: Guid(479cfcc0bc5315f47af98236756d9619) Importer(815301076,1909f56bfc062723c751e8b465ee728b)
Number of updated assets reloaded before import = 0
Start importing Assets/_Game/Scripts/Character.cs using Guid(479cfcc0bc5315f47af98236756d9619) Importer(815301076,1909f56bfc062723c751e8b465ee728b)  -> (artifact id: '6dc3d1b1b87d74fd76bdfd67614db85d') in 0.021007 seconds 
Number of asset objects unloaded after import = 0
========================================================================
Received Import Request.
  Time since last request: 0.004357 seconds.
  path: Assets/_Game/Sounds/MixerController.cs
  artifactKey: Guid(beb55e4cdfdcc1649a5530c0f0e82239) Importer(815301076,1909f56bfc062723c751e8b465ee728b)
Number of updated assets reloaded before import = 0
Start importing Assets/_Game/Sounds/MixerController.cs using Guid(beb55e4cdfdcc1649a5530c0f0e82239) Importer(815301076,1909f56bfc062723c751e8b465ee728b)  -> (artifact id: '32bd4f3810ae4f79126c1eef7d58e62e') in 0.020898 seconds 
Number of asset objects unloaded after import = 0
========================================================================
Received Import Request.
  Time since last request: 0.004507 seconds.
  path: Assets/_Game/Scripts/UI/UISetting.cs
  artifactKey: Guid(e4f7813aebd9d154bb05156e8f9533ad) Importer(815301076,1909f56bfc062723c751e8b465ee728b)
Number of updated assets reloaded before import = 0
Start importing Assets/_Game/Scripts/UI/UISetting.cs using Guid(e4f7813aebd9d154bb05156e8f9533ad) Importer(815301076,1909f56bfc062723c751e8b465ee728b)  -> (artifact id: '8f4cf5f0ab9dfd1060435c434d26177b') in 0.020274 seconds 
Number of asset objects unloaded after import = 0
========================================================================
Received Import Request.
  Time since last request: 0.015896 seconds.
  path: Assets/off-screen-indicator-master/Off Screen Indicator/Assets/Scripts/Indicator.cs
  artifactKey: Guid(e6e1ef158d4d17d4bafe4965a9864ac6) Importer(815301076,1909f56bfc062723c751e8b465ee728b)
Number of updated assets reloaded before import = 0
Start importing Assets/off-screen-indicator-master/Off Screen Indicator/Assets/Scripts/Indicator.cs using Guid(e6e1ef158d4d17d4bafe4965a9864ac6) Importer(815301076,1909f56bfc062723c751e8b465ee728b)  -> (artifact id: 'a48b1a5e551f66483e4f7e34a5b4cd13') in 0.026095 seconds 
Number of asset objects unloaded after import = 0
========================================================================
Received Import Request.
  Time since last request: 0.004103 seconds.
  path: Assets/Voxel Arsenal/Demo/Scripts/VoxelLoopScript.cs
  artifactKey: Guid(25471b515a6045e41ae3881b037618d6) Importer(815301076,1909f56bfc062723c751e8b465ee728b)
Number of updated assets reloaded before import = 0
Start importing Assets/Voxel Arsenal/Demo/Scripts/VoxelLoopScript.cs using Guid(25471b515a6045e41ae3881b037618d6) Importer(815301076,1909f56bfc062723c751e8b465ee728b)  -> (artifact id: '19064e14b47630b413b33380be1300f5') in 0.024699 seconds 
Number of asset objects unloaded after import = 0
========================================================================
Received Import Request.
  Time since last request: 0.010188 seconds.
  path: Assets/Voxel Arsenal/Scripts/VoxelLightFade.cs
  artifactKey: Guid(06b3453749c1bb447bfbc0fe426f3dad) Importer(815301076,1909f56bfc062723c751e8b465ee728b)
Number of updated assets reloaded before import = 0
Start importing Assets/Voxel Arsenal/Scripts/VoxelLightFade.cs using Guid(06b3453749c1bb447bfbc0fe426f3dad) Importer(815301076,1909f56bfc062723c751e8b465ee728b)  -> (artifact id: 'e0cca1aab0a1bfd4121a851cc2e0f467') in 0.025525 seconds 
Number of asset objects unloaded after import = 0
========================================================================
Received Import Request.
  Time since last request: 0.015648 seconds.
  path: Assets/Joystick Pack/Scripts/Editor/FloatingJoystickEditor.cs
  artifactKey: Guid(614d06243900d764f9c50b4da2c950a3) Importer(815301076,1909f56bfc062723c751e8b465ee728b)
Number of updated assets reloaded before import = 0
Start importing Assets/Joystick Pack/Scripts/Editor/FloatingJoystickEditor.cs using Guid(614d06243900d764f9c50b4da2c950a3) Importer(815301076,1909f56bfc062723c751e8b465ee728b)  -> (artifact id: '1dc34e6f18d0d10936f741abec3af2c0') in 0.027311 seconds 
Number of asset objects unloaded after import = 0
========================================================================
Received Import Request.
  Time since last request: 0.032431 seconds.
  path: Assets/Voxel Arsenal/Demo/Scripts/VoxelFireProjectile.cs
  artifactKey: Guid(474fad3e10be70a49a564b7e983cac38) Importer(815301076,1909f56bfc062723c751e8b465ee728b)
Number of updated assets reloaded before import = 0
Start importing Assets/Voxel Arsenal/Demo/Scripts/VoxelFireProjectile.cs using Guid(474fad3e10be70a49a564b7e983cac38) Importer(815301076,1909f56bfc062723c751e8b465ee728b)  -> (artifact id: '10fa0fbcd5a419c42951cc63eb957125') in 0.023504 seconds 
Number of asset objects unloaded after import = 0
========================================================================
Received Import Request.
  Time since last request: 0.026035 seconds.
  path: Assets/Voxel Arsenal/Demo/Scripts/VoxelTarget.cs
  artifactKey: Guid(11812c8ff03c64e4eadc0748d07f1294) Importer(815301076,1909f56bfc062723c751e8b465ee728b)
Number of updated assets reloaded before import = 0
Start importing Assets/Voxel Arsenal/Demo/Scripts/VoxelTarget.cs using Guid(11812c8ff03c64e4eadc0748d07f1294) Importer(815301076,1909f56bfc062723c751e8b465ee728b)  -> (artifact id: 'bc7dea50dcf516b848fa23ea7722c338') in 0.029117 seconds 
Number of asset objects unloaded after import = 0
========================================================================
Received Import Request.
  Time since last request: 0.010932 seconds.
  path: Assets/off-screen-indicator-master/Off Screen Indicator/Assets/Scripts/ArrowObjectPool.cs
  artifactKey: Guid(ce42bcb2b35e3024cba7695dac1e3114) Importer(815301076,1909f56bfc062723c751e8b465ee728b)
Number of updated assets reloaded before import = 0
Start importing Assets/off-screen-indicator-master/Off Screen Indicator/Assets/Scripts/ArrowObjectPool.cs using Guid(ce42bcb2b35e3024cba7695dac1e3114) Importer(815301076,1909f56bfc062723c751e8b465ee728b)  -> (artifact id: '0561443f82e3bd18b8be697f9aa8dca0') in 0.024480 seconds 
Number of asset objects unloaded after import = 0
========================================================================
Received Import Request.
  Time since last request: 0.010142 seconds.
  path: Assets/_Game/Scripts/LevelController.cs
  artifactKey: Guid(56d08f9e0faa8b04e8402b56c279cd43) Importer(815301076,1909f56bfc062723c751e8b465ee728b)
Number of updated assets reloaded before import = 0
Start importing Assets/_Game/Scripts/LevelController.cs using Guid(56d08f9e0faa8b04e8402b56c279cd43) Importer(815301076,1909f56bfc062723c751e8b465ee728b)  -> (artifact id: 'fbb3ab7330c19ea37e72a8580f3fdcf7') in 0.024428 seconds 
Number of asset objects unloaded after import = 0
========================================================================
Received Import Request.
  Time since last request: 0.005433 seconds.
  path: Assets/Joystick Pack/Documentaion.pdf
  artifactKey: Guid(cfa813ed406827e43b967abd54ab5b9a) Importer(815301076,1909f56bfc062723c751e8b465ee728b)
Number of updated assets reloaded before import = 0
Start importing Assets/Joystick Pack/Documentaion.pdf using Guid(cfa813ed406827e43b967abd54ab5b9a) Importer(815301076,1909f56bfc062723c751e8b465ee728b)  -> (artifact id: 'cb436e9a6692d512fdb33a4be1681996') in 0.042091 seconds 
Number of asset objects unloaded after import = 1
========================================================================
Received Import Request.
  Time since last request: 0.004292 seconds.
  path: Assets/_Game/Scripts/Weapon.cs
  artifactKey: Guid(1905ec829ae23eb43921280c82292873) Importer(815301076,1909f56bfc062723c751e8b465ee728b)
Number of updated assets reloaded before import = 0
Start importing Assets/_Game/Scripts/Weapon.cs using Guid(1905ec829ae23eb43921280c82292873) Importer(815301076,1909f56bfc062723c751e8b465ee728b)  -> (artifact id: '6311ca0d29a2bdcafb4bfeb05cf5b48a') in 0.020418 seconds 
Number of asset objects unloaded after import = 0
========================================================================
Received Import Request.
  Time since last request: 0.003087 seconds.
  path: Assets/_Pool/Pool/MiniPool.cs
  artifactKey: Guid(99d31fdeb262659438b33c6c5fbd69d5) Importer(815301076,1909f56bfc062723c751e8b465ee728b)
Number of updated assets reloaded before import = 0
Start importing Assets/_Pool/Pool/MiniPool.cs using Guid(99d31fdeb262659438b33c6c5fbd69d5) Importer(815301076,1909f56bfc062723c751e8b465ee728b)  -> (artifact id: 'bf6fca999efb69a9a1280f6a97ce434a') in 0.020035 seconds 
Number of asset objects unloaded after import = 0
========================================================================
Received Import Request.
  Time since last request: 0.114054 seconds.
  path: Assets/off-screen-indicator-master/Off Screen Indicator/Assets/Scripts/Target.cs
  artifactKey: Guid(a5dd462da48ed9b49a885f1a9cf94fe1) Importer(815301076,1909f56bfc062723c751e8b465ee728b)
Number of updated assets reloaded before import = 0
Start importing Assets/off-screen-indicator-master/Off Screen Indicator/Assets/Scripts/Target.cs using Guid(a5dd462da48ed9b49a885f1a9cf94fe1) Importer(815301076,1909f56bfc062723c751e8b465ee728b)  -> (artifact id: 'c8d5e514c1a8dd73b435bc814e646eed') in 0.025887 seconds 
Number of asset objects unloaded after import = 0
========================================================================
Received Import Request.
  Time since last request: 0.004408 seconds.
  path: Assets/Joystick Pack/Examples/JoystickPlayerExample.cs
  artifactKey: Guid(a37d705c8e9115e439ec799186182634) Importer(815301076,1909f56bfc062723c751e8b465ee728b)
Number of updated assets reloaded before import = 0
Start importing Assets/Joystick Pack/Examples/JoystickPlayerExample.cs using Guid(a37d705c8e9115e439ec799186182634) Importer(815301076,1909f56bfc062723c751e8b465ee728b)  -> (artifact id: '2ab92fa40d4991c2adeb0f11be5ff7a2') in 0.021029 seconds 
Number of asset objects unloaded after import = 0
========================================================================
Received Import Request.
  Time since last request: 0.003285 seconds.
  path: Assets/Joystick Pack/Sprites/Horizontal Backgrounds
  artifactKey: Guid(4fe6b423a92ebaf4bb564f9457fa74e4) Importer(815301076,1909f56bfc062723c751e8b465ee728b)
Number of updated assets reloaded before import = 0
Start importing Assets/Joystick Pack/Sprites/Horizontal Backgrounds using Guid(4fe6b423a92ebaf4bb564f9457fa74e4) Importer(815301076,1909f56bfc062723c751e8b465ee728b)  -> (artifact id: 'c41d19508ffa5bad6b0bda610631d53d') in 0.024564 seconds 
Number of asset objects unloaded after import = 0
========================================================================
Received Import Request.
  Time since last request: 0.034664 seconds.
  path: Assets/Voxel Arsenal/Demo/Scripts/VoxelProjectileScript.cs
  artifactKey: Guid(973d5c7758cf2cc42aec43c5b8e597f5) Importer(815301076,1909f56bfc062723c751e8b465ee728b)
Number of updated assets reloaded before import = 0
Start importing Assets/Voxel Arsenal/Demo/Scripts/VoxelProjectileScript.cs using Guid(973d5c7758cf2cc42aec43c5b8e597f5) Importer(815301076,1909f56bfc062723c751e8b465ee728b)  -> (artifact id: '5b2de302c0b9a10037b1c37a50737714') in 0.025385 seconds 
Number of asset objects unloaded after import = 0
========================================================================
Received Import Request.
  Time since last request: 0.028335 seconds.
  path: Assets/Joystick Pack/Prefabs/Fixed Joystick.prefab
  artifactKey: Guid(aaa2c939c0359ac4dbce3f49e8b90252) Importer(815301076,1909f56bfc062723c751e8b465ee728b)
Number of updated assets reloaded before import = 0
Start importing Assets/Joystick Pack/Prefabs/Fixed Joystick.prefab using Guid(aaa2c939c0359ac4dbce3f49e8b90252) Importer(815301076,1909f56bfc062723c751e8b465ee728b)  -> (artifact id: 'a6052a0d97a3dadedc974752d7ea7472') in 0.028617 seconds 
Number of asset objects unloaded after import = 13
========================================================================
Received Import Request.
  Time since last request: 0.036757 seconds.
  path: Assets/Joystick Pack/Scripts/Editor/DynamicJoystickEditor.cs
  artifactKey: Guid(52071c88a467b46438b3cbf159bf988b) Importer(815301076,1909f56bfc062723c751e8b465ee728b)
Number of updated assets reloaded before import = 0
Start importing Assets/Joystick Pack/Scripts/Editor/DynamicJoystickEditor.cs using Guid(52071c88a467b46438b3cbf159bf988b) Importer(815301076,1909f56bfc062723c751e8b465ee728b)  -> (artifact id: '7aec37e7d8cfd35c3d6ce046cef07e26') in 0.028496 seconds 
Number of asset objects unloaded after import = 0
========================================================================
Received Import Request.
  Time since last request: 0.004326 seconds.
  path: Assets/off-screen-indicator-master/Off Screen Indicator/Assets/Scripts/OffScreenIndicatorCore.cs
  artifactKey: Guid(d2b39aa50a42dad4591e9575f4adca16) Importer(815301076,1909f56bfc062723c751e8b465ee728b)
Number of updated assets reloaded before import = 0
Start importing Assets/off-screen-indicator-master/Off Screen Indicator/Assets/Scripts/OffScreenIndicatorCore.cs using Guid(d2b39aa50a42dad4591e9575f4adca16) Importer(815301076,1909f56bfc062723c751e8b465ee728b)  -> (artifact id: '331e9bacd2fc40c7f67f3122bd2d99d1') in 0.024813 seconds 
Number of asset objects unloaded after import = 0
========================================================================
Received Import Request.
  Time since last request: 0.010226 seconds.
  path: Assets/_Game/Scripts/Bot.cs
  artifactKey: Guid(1b3a34339f1d9044ab4be60277813fb2) Importer(815301076,1909f56bfc062723c751e8b465ee728b)
Number of updated assets reloaded before import = 0
Start importing Assets/_Game/Scripts/Bot.cs using Guid(1b3a34339f1d9044ab4be60277813fb2) Importer(815301076,1909f56bfc062723c751e8b465ee728b)  -> (artifact id: 'd1c1dbada82f3313bac480952fb1db90') in 0.032205 seconds 
Number of asset objects unloaded after import = 0
